02 十一月 2014 23:16:04,461 INFO  ~ Starting E:\教务处项目学习\blog
02 十一月 2014 23:16:05,001 WARN  ~ You're running Play! in DEV mode
02 十一月 2014 23:16:05,093 INFO  ~ Listening for HTTP on port 9000 (Waiting a first request to start) ...
02 十一月 2014 23:16:10,594 ERROR ~ 

@6k490ab55
Internal Server Error (500) for request GET /@tests

Compilation error (In /test/BasicTest.java around line 13)
The file /test/BasicTest.java could not be compiled. Error raised is : Syntax error on token "Invalid Character", delete this token

play.exceptions.CompilationException: Syntax error on token "Invalid Character", delete this token
	at play.classloading.ApplicationCompiler$2.acceptResult(ApplicationCompiler.java:246)
	at org.eclipse.jdt.internal.compiler.Compiler.compile(Compiler.java:478)
	at play.classloading.ApplicationCompiler.compile(ApplicationCompiler.java:282)
	at play.classloading.ApplicationClassloader.getAllClasses(ApplicationClassloader.java:426)
	at play.Play.start(Play.java:523)
	at play.Play.detectChanges(Play.java:649)
	at play.Invoker$Invocation.init(Invoker.java:198)
	at Invocation.HTTP Request(Play!)
02 十一月 2014 23:16:10,642 ERROR ~ 

@6k490ab56
Internal Server Error (500) for request GET /@tests

Compilation error (In /test/BasicTest.java around line 13)
The file /test/BasicTest.java could not be compiled. Error raised is : Syntax error on token "Invalid Character", delete this token

play.exceptions.CompilationException: Syntax error on token "Invalid Character", delete this token
	at play.classloading.ApplicationCompiler$2.acceptResult(ApplicationCompiler.java:246)
	at org.eclipse.jdt.internal.compiler.Compiler.compile(Compiler.java:478)
	at play.classloading.ApplicationCompiler.compile(ApplicationCompiler.java:282)
	at play.classloading.ApplicationClasses$ApplicationClass.compile(ApplicationClasses.java:281)
	at play.classloading.ApplicationClassloader.detectChanges(ApplicationClassloader.java:324)
	at play.Play.detectChanges(Play.java:632)
	at play.Invoker$Invocation.init(Invoker.java:198)
	at Invocation.HTTP Request(Play!)
02 十一月 2014 23:16:10,701 ERROR ~ 

@6k490ab57
Internal Server Error (500) for request GET /@tests

Compilation error (In /test/BasicTest.java around line 13)
The file /test/BasicTest.java could not be compiled. Error raised is : Syntax error on token "Invalid Character", delete this token

play.exceptions.CompilationException: Syntax error on token "Invalid Character", delete this token
	at play.classloading.ApplicationCompiler$2.acceptResult(ApplicationCompiler.java:246)
	at org.eclipse.jdt.internal.compiler.Compiler.compile(Compiler.java:478)
	at play.classloading.ApplicationCompiler.compile(ApplicationCompiler.java:282)
	at play.classloading.ApplicationClasses$ApplicationClass.compile(ApplicationClasses.java:281)
	at play.classloading.ApplicationClassloader.detectChanges(ApplicationClassloader.java:324)
	at play.Play.detectChanges(Play.java:632)
	at play.Invoker$Invocation.init(Invoker.java:198)
	at Invocation.HTTP Request(Play!)
02 十一月 2014 23:21:50,628 ERROR ~ 

@6k490ab58
Internal Server Error (500) for request GET /@tests

Compilation error (In /test/BasicTest.java around line 13)
The file /test/BasicTest.java could not be compiled. Error raised is : Syntax error on token "Invalid Character", delete this token

play.exceptions.CompilationException: Syntax error on token "Invalid Character", delete this token
	at play.classloading.ApplicationCompiler$2.acceptResult(ApplicationCompiler.java:246)
	at org.eclipse.jdt.internal.compiler.Compiler.compile(Compiler.java:478)
	at play.classloading.ApplicationCompiler.compile(ApplicationCompiler.java:282)
	at play.classloading.ApplicationClasses$ApplicationClass.compile(ApplicationClasses.java:281)
	at play.classloading.ApplicationClassloader.detectChanges(ApplicationClassloader.java:324)
	at play.Play.detectChanges(Play.java:632)
	at play.Invoker$Invocation.init(Invoker.java:198)
	at Invocation.HTTP Request(Play!)
02 十一月 2014 23:21:52,858 ERROR ~ 

@6k490ab59
Internal Server Error (500) for request GET /@tests

Compilation error (In /test/BasicTest.java around line 13)
The file /test/BasicTest.java could not be compiled. Error raised is : Syntax error on token "Invalid Character", delete this token

play.exceptions.CompilationException: Syntax error on token "Invalid Character", delete this token
	at play.classloading.ApplicationCompiler$2.acceptResult(ApplicationCompiler.java:246)
	at org.eclipse.jdt.internal.compiler.Compiler.compile(Compiler.java:478)
	at play.classloading.ApplicationCompiler.compile(ApplicationCompiler.java:282)
	at play.classloading.ApplicationClasses$ApplicationClass.compile(ApplicationClasses.java:281)
	at play.classloading.ApplicationClassloader.detectChanges(ApplicationClassloader.java:324)
	at play.Play.detectChanges(Play.java:632)
	at play.Invoker$Invocation.init(Invoker.java:198)
	at Invocation.HTTP Request(Play!)
02 十一月 2014 23:22:26,974 ERROR ~ 

@6k490ab5a
Internal Server Error (500) for request GET /@tests

Compilation error (In /test/BasicTest.java around line 11)
The file /test/BasicTest.java could not be compiled. Error raised is : The method save() is undefined for the type User

play.exceptions.CompilationException: The method save() is undefined for the type User
	at play.classloading.ApplicationCompiler$2.acceptResult(ApplicationCompiler.java:246)
	at org.eclipse.jdt.internal.compiler.Compiler.handleInternalException(Compiler.java:676)
	at org.eclipse.jdt.internal.compiler.Compiler.compile(Compiler.java:520)
	at play.classloading.ApplicationCompiler.compile(ApplicationCompiler.java:282)
	at play.classloading.ApplicationClasses$ApplicationClass.compile(ApplicationClasses.java:281)
	at play.classloading.ApplicationClassloader.detectChanges(ApplicationClassloader.java:324)
	at play.Play.detectChanges(Play.java:632)
	at play.Invoker$Invocation.init(Invoker.java:198)
	at Invocation.HTTP Request(Play!)
02 十一月 2014 23:23:38,341 ERROR ~ 

@6k490ab5b
Internal Server Error (500) for request GET /@tests

Compilation error (In /test/BasicTest.java around line 11)
The file /test/BasicTest.java could not be compiled. Error raised is : The method save() is undefined for the type User

play.exceptions.CompilationException: The method save() is undefined for the type User
	at play.classloading.ApplicationCompiler$2.acceptResult(ApplicationCompiler.java:246)
	at org.eclipse.jdt.internal.compiler.Compiler.handleInternalException(Compiler.java:676)
	at org.eclipse.jdt.internal.compiler.Compiler.compile(Compiler.java:520)
	at play.classloading.ApplicationCompiler.compile(ApplicationCompiler.java:282)
	at play.classloading.ApplicationClasses$ApplicationClass.compile(ApplicationClasses.java:281)
	at play.classloading.ApplicationClassloader.detectChanges(ApplicationClassloader.java:324)
	at play.Play.detectChanges(Play.java:632)
	at play.Invoker$Invocation.init(Invoker.java:198)
	at Invocation.HTTP Request(Play!)
02 十一月 2014 23:24:43,035 ERROR ~ 

@6k490ab5c
Internal Server Error (500) for request GET /@tests

Compilation error (In /test/BasicTest.java around line 11)
The file /test/BasicTest.java could not be compiled. Error raised is : The method Save() is undefined for the type User

play.exceptions.CompilationException: The method Save() is undefined for the type User
	at play.classloading.ApplicationCompiler$2.acceptResult(ApplicationCompiler.java:246)
	at org.eclipse.jdt.internal.compiler.Compiler.handleInternalException(Compiler.java:676)
	at org.eclipse.jdt.internal.compiler.Compiler.compile(Compiler.java:520)
	at play.classloading.ApplicationCompiler.compile(ApplicationCompiler.java:282)
	at play.classloading.ApplicationClasses$ApplicationClass.compile(ApplicationClasses.java:281)
	at play.classloading.ApplicationClassloader.detectChanges(ApplicationClassloader.java:324)
	at play.Play.detectChanges(Play.java:632)
	at play.Invoker$Invocation.init(Invoker.java:198)
	at Invocation.HTTP Request(Play!)
02 十一月 2014 23:24:45,885 ERROR ~ 

@6k490ab5d
Internal Server Error (500) for request GET /@tests

Compilation error (In /test/BasicTest.java around line 11)
The file /test/BasicTest.java could not be compiled. Error raised is : The method Save() is undefined for the type User

play.exceptions.CompilationException: The method Save() is undefined for the type User
	at play.classloading.ApplicationCompiler$2.acceptResult(ApplicationCompiler.java:246)
	at org.eclipse.jdt.internal.compiler.Compiler.handleInternalException(Compiler.java:676)
	at org.eclipse.jdt.internal.compiler.Compiler.compile(Compiler.java:520)
	at play.classloading.ApplicationCompiler.compile(ApplicationCompiler.java:282)
	at play.classloading.ApplicationClasses$ApplicationClass.compile(ApplicationClasses.java:281)
	at play.classloading.ApplicationClassloader.detectChanges(ApplicationClassloader.java:324)
	at play.Play.detectChanges(Play.java:632)
	at play.Invoker$Invocation.init(Invoker.java:198)
	at Invocation.HTTP Request(Play!)
02 十一月 2014 23:24:47,817 ERROR ~ 

@6k490ab5e
Internal Server Error (500) for request GET /@tests

Compilation error (In /test/BasicTest.java around line 11)
The file /test/BasicTest.java could not be compiled. Error raised is : The method Save() is undefined for the type User

play.exceptions.CompilationException: The method Save() is undefined for the type User
	at play.classloading.ApplicationCompiler$2.acceptResult(ApplicationCompiler.java:246)
	at org.eclipse.jdt.internal.compiler.Compiler.handleInternalException(Compiler.java:676)
	at org.eclipse.jdt.internal.compiler.Compiler.compile(Compiler.java:520)
	at play.classloading.ApplicationCompiler.compile(ApplicationCompiler.java:282)
	at play.classloading.ApplicationClasses$ApplicationClass.compile(ApplicationClasses.java:281)
	at play.classloading.ApplicationClassloader.detectChanges(ApplicationClassloader.java:324)
	at play.Play.detectChanges(Play.java:632)
	at play.Invoker$Invocation.init(Invoker.java:198)
	at Invocation.HTTP Request(Play!)
02 十一月 2014 23:25:09,888 ERROR ~ 

@6k490ab5f
Internal Server Error (500) for request GET /@tests

Compilation error (In /test/BasicTest.java around line 11)
The file /test/BasicTest.java could not be compiled. Error raised is : The method save() is undefined for the type User

play.exceptions.CompilationException: The method save() is undefined for the type User
	at play.classloading.ApplicationCompiler$2.acceptResult(ApplicationCompiler.java:246)
	at org.eclipse.jdt.internal.compiler.Compiler.handleInternalException(Compiler.java:676)
	at org.eclipse.jdt.internal.compiler.Compiler.compile(Compiler.java:520)
	at play.classloading.ApplicationCompiler.compile(ApplicationCompiler.java:282)
	at play.classloading.ApplicationClasses$ApplicationClass.compile(ApplicationClasses.java:281)
	at play.classloading.ApplicationClassloader.detectChanges(ApplicationClassloader.java:324)
	at play.Play.detectChanges(Play.java:632)
	at play.Invoker$Invocation.init(Invoker.java:198)
	at Invocation.HTTP Request(Play!)
02 十一月 2014 23:25:31,361 ERROR ~ 

@6k490ab5g
Internal Server Error (500) for request GET /@tests

Compilation error (In /test/BasicTest.java around line 11)
The file /test/BasicTest.java could not be compiled. Error raised is : The method save() is undefined for the type BasicTest

play.exceptions.CompilationException: The method save() is undefined for the type BasicTest
	at play.classloading.ApplicationCompiler$2.acceptResult(ApplicationCompiler.java:246)
	at org.eclipse.jdt.internal.compiler.Compiler.handleInternalException(Compiler.java:676)
	at org.eclipse.jdt.internal.compiler.Compiler.compile(Compiler.java:520)
	at play.classloading.ApplicationCompiler.compile(ApplicationCompiler.java:282)
	at play.classloading.ApplicationClasses$ApplicationClass.compile(ApplicationClasses.java:281)
	at play.classloading.ApplicationClassloader.detectChanges(ApplicationClassloader.java:324)
	at play.Play.detectChanges(Play.java:632)
	at play.Invoker$Invocation.init(Invoker.java:198)
	at Invocation.HTTP Request(Play!)
02 十一月 2014 23:25:33,851 ERROR ~ 

@6k490ab5h
Internal Server Error (500) for request GET /@tests

Compilation error (In /test/BasicTest.java around line 11)
The file /test/BasicTest.java could not be compiled. Error raised is : The method save() is undefined for the type BasicTest

play.exceptions.CompilationException: The method save() is undefined for the type BasicTest
	at play.classloading.ApplicationCompiler$2.acceptResult(ApplicationCompiler.java:246)
	at org.eclipse.jdt.internal.compiler.Compiler.handleInternalException(Compiler.java:676)
	at org.eclipse.jdt.internal.compiler.Compiler.compile(Compiler.java:520)
	at play.classloading.ApplicationCompiler.compile(ApplicationCompiler.java:282)
	at play.classloading.ApplicationClasses$ApplicationClass.compile(ApplicationClasses.java:281)
	at play.classloading.ApplicationClassloader.detectChanges(ApplicationClassloader.java:324)
	at play.Play.detectChanges(Play.java:632)
	at play.Invoker$Invocation.init(Invoker.java:198)
	at Invocation.HTTP Request(Play!)
